2026-02-19 21:22:19,655 - stoxxo_monitor - INFO - ============================================================
2026-02-19 21:22:19,656 - stoxxo_monitor - INFO - Stoxxo User Quantity Monitoring Tool v1.0.0
2026-02-19 21:22:19,656 - stoxxo_monitor - INFO - ============================================================
2026-02-19 21:22:20,587 - stoxxo_monitor - INFO - Dark theme loaded successfully from: C:\Users\Administrator\Desktop\stoxxo_monitor\dist\StoxxoMonitor\_internal\ui\styles\dark_theme.qss
2026-02-19 21:22:21,869 - stoxxo_monitor - INFO - Main window displayed
2026-02-19 21:22:21,870 - stoxxo_monitor - INFO - Application started
2026-02-19 21:23:01,394 - stoxxo_monitor - INFO - Application exited with code: 0
2026-02-19 21:24:41,522 - stoxxo_monitor - INFO - ============================================================
2026-02-19 21:24:41,523 - stoxxo_monitor - INFO - Stoxxo User Quantity Monitoring Tool v1.0.0
2026-02-19 21:24:41,523 - stoxxo_monitor - INFO - ============================================================
2026-02-19 21:24:41,570 - stoxxo_monitor - INFO - Dark theme loaded successfully from: C:\Users\Administrator\Desktop\stoxxo_monitor\dist\StoxxoMonitor\_internal\ui\styles\dark_theme.qss
2026-02-19 21:24:42,056 - stoxxo_monitor - INFO - Main window displayed
2026-02-19 21:24:42,056 - stoxxo_monitor - INFO - Application started
2026-02-19 21:30:36,877 - stoxxo_monitor - INFO - Application exited with code: 0
2026-02-19 21:30:43,919 - stoxxo_monitor - INFO - ============================================================
2026-02-19 21:30:43,919 - stoxxo_monitor - INFO - Stoxxo User Quantity Monitoring Tool v1.0.0
2026-02-19 21:30:43,919 - stoxxo_monitor - INFO - ============================================================
2026-02-19 21:30:43,969 - stoxxo_monitor - INFO - Dark theme loaded successfully from: C:\Users\Administrator\Desktop\stoxxo_monitor\dist\StoxxoMonitor\_internal\ui\styles\dark_theme.qss
2026-02-19 21:30:44,656 - stoxxo_monitor - INFO - Main window displayed
2026-02-19 21:30:44,656 - stoxxo_monitor - INFO - Application started
2026-02-19 21:31:40,522 - stoxxo_monitor - INFO - Application exited with code: 0
2026-02-19 21:54:28,968 - stoxxo_monitor - INFO - ============================================================
2026-02-19 21:54:28,968 - stoxxo_monitor - INFO - Stoxxo User Quantity Monitoring Tool v1.0.0
2026-02-19 21:54:28,968 - stoxxo_monitor - INFO - ============================================================
2026-02-19 21:54:29,013 - stoxxo_monitor - INFO - Dark theme loaded successfully from: C:\Users\Administrator\Desktop\stoxxo_monitor\dist\StoxxoMonitor\_internal\ui\styles\dark_theme.qss
2026-02-19 21:54:29,457 - stoxxo_monitor - INFO - Main window displayed
2026-02-19 21:54:29,458 - stoxxo_monitor - INFO - Application started
2026-02-19 21:54:43,021 - stoxxo_monitor - INFO - Application exited with code: 0
