2026-02-14 16:36:09,282 - stoxxo_monitor - INFO - ============================================================
2026-02-14 16:36:09,282 - stoxxo_monitor - INFO - Stoxxo User Quantity Monitoring Tool v1.0.0
2026-02-14 16:36:09,282 - stoxxo_monitor - INFO - ============================================================
2026-02-14 16:36:09,343 - stoxxo_monitor - INFO - Dark theme loaded successfully from: c:\Users\Administrator\Desktop\stoxxo_monitor\ui\styles\dark_theme.qss
2026-02-14 16:36:09,535 - stoxxo_monitor - INFO - Main window displayed
2026-02-14 16:36:09,535 - stoxxo_monitor - INFO - Application started
2026-02-14 20:19:09,621 - stoxxo_monitor - INFO - ============================================================
2026-02-14 20:19:09,623 - stoxxo_monitor - INFO - Stoxxo User Quantity Monitoring Tool v1.0.0
2026-02-14 20:19:09,623 - stoxxo_monitor - INFO - ============================================================
2026-02-14 20:19:10,091 - stoxxo_monitor - INFO - Dark theme loaded successfully from: c:\Users\Administrator\Desktop\stoxxo_monitor\ui\styles\dark_theme.qss
2026-02-14 20:19:10,539 - stoxxo_monitor - INFO - Main window displayed
2026-02-14 20:19:10,539 - stoxxo_monitor - INFO - Application started
2026-02-14 20:24:05,910 - stoxxo_monitor - INFO - ============================================================
2026-02-14 20:24:05,929 - stoxxo_monitor - INFO - Stoxxo User Quantity Monitoring Tool v1.0.0
2026-02-14 20:24:05,939 - stoxxo_monitor - INFO - ============================================================
2026-02-14 20:24:06,018 - stoxxo_monitor - INFO - Dark theme loaded successfully from: c:\Users\Administrator\Desktop\stoxxo_monitor\ui\styles\dark_theme.qss
2026-02-14 20:24:06,284 - stoxxo_monitor - INFO - Main window displayed
2026-02-14 20:24:06,284 - stoxxo_monitor - INFO - Application started
2026-02-14 20:24:28,853 - stoxxo_monitor - INFO - Application exited with code: 0
2026-02-14 20:25:43,401 - stoxxo_monitor - INFO - ============================================================
2026-02-14 20:25:43,402 - stoxxo_monitor - INFO - Stoxxo User Quantity Monitoring Tool v1.0.0
2026-02-14 20:25:43,402 - stoxxo_monitor - INFO - ============================================================
2026-02-14 20:25:43,474 - stoxxo_monitor - INFO - Dark theme loaded successfully from: c:\Users\Administrator\Desktop\stoxxo_monitor\ui\styles\dark_theme.qss
2026-02-14 20:25:43,682 - stoxxo_monitor - INFO - Main window displayed
2026-02-14 20:25:43,682 - stoxxo_monitor - INFO - Application started
2026-02-14 20:27:33,640 - stoxxo_monitor - INFO - Application exited with code: 0
2026-02-14 20:28:09,261 - stoxxo_monitor - INFO - ============================================================
2026-02-14 20:28:09,261 - stoxxo_monitor - INFO - Stoxxo User Quantity Monitoring Tool v1.0.0
2026-02-14 20:28:09,262 - stoxxo_monitor - INFO - ============================================================
2026-02-14 20:28:09,324 - stoxxo_monitor - INFO - Dark theme loaded successfully from: c:\Users\Administrator\Desktop\stoxxo_monitor\ui\styles\dark_theme.qss
2026-02-14 20:28:09,523 - stoxxo_monitor - INFO - Main window displayed
2026-02-14 20:28:09,524 - stoxxo_monitor - INFO - Application started
2026-02-14 20:47:49,072 - stoxxo_monitor - INFO - Application exited with code: 0
2026-02-14 20:49:26,329 - stoxxo_monitor - INFO - ============================================================
2026-02-14 20:49:26,330 - stoxxo_monitor - INFO - Stoxxo User Quantity Monitoring Tool v1.0.0
2026-02-14 20:49:26,330 - stoxxo_monitor - INFO - ============================================================
2026-02-14 20:49:26,394 - stoxxo_monitor - INFO - Dark theme loaded successfully from: c:\Users\Administrator\Desktop\stoxxo_monitor\ui\styles\dark_theme.qss
2026-02-14 20:49:26,601 - stoxxo_monitor - INFO - Main window displayed
2026-02-14 20:49:26,601 - stoxxo_monitor - INFO - Application started
2026-02-14 20:57:00,073 - stoxxo_monitor - INFO - Application exited with code: 0
2026-02-14 21:02:58,461 - stoxxo_monitor - INFO - ============================================================
2026-02-14 21:02:58,462 - stoxxo_monitor - INFO - Stoxxo User Quantity Monitoring Tool v1.0.0
2026-02-14 21:02:58,462 - stoxxo_monitor - INFO - ============================================================
2026-02-14 21:02:58,541 - stoxxo_monitor - INFO - Dark theme loaded successfully from: c:\Users\Administrator\Desktop\stoxxo_monitor\ui\styles\dark_theme.qss
2026-02-14 21:02:58,806 - stoxxo_monitor - INFO - Main window displayed
2026-02-14 21:02:58,806 - stoxxo_monitor - INFO - Application started
2026-02-14 21:19:15,433 - stoxxo_monitor - INFO - Application exited with code: 0
2026-02-14 21:19:49,492 - stoxxo_monitor - INFO - ============================================================
2026-02-14 21:19:49,493 - stoxxo_monitor - INFO - Stoxxo User Quantity Monitoring Tool v1.0.0
2026-02-14 21:19:49,493 - stoxxo_monitor - INFO - ============================================================
2026-02-14 21:19:49,573 - stoxxo_monitor - INFO - Dark theme loaded successfully from: c:\Users\Administrator\Desktop\stoxxo_monitor\ui\styles\dark_theme.qss
2026-02-14 21:19:49,846 - stoxxo_monitor - INFO - Main window displayed
2026-02-14 21:19:49,846 - stoxxo_monitor - INFO - Application started
2026-02-14 21:28:04,633 - stoxxo_monitor - INFO - ============================================================
2026-02-14 21:28:04,633 - stoxxo_monitor - INFO - Stoxxo User Quantity Monitoring Tool v1.0.0
2026-02-14 21:28:04,633 - stoxxo_monitor - INFO - ============================================================
2026-02-14 21:28:04,753 - stoxxo_monitor - INFO - Dark theme loaded successfully from: c:\Users\Administrator\Desktop\stoxxo_monitor\ui\styles\dark_theme.qss
2026-02-14 21:28:05,017 - stoxxo_monitor - INFO - Main window displayed
2026-02-14 21:28:05,018 - stoxxo_monitor - INFO - Application started
2026-02-14 21:37:11,364 - stoxxo_monitor - INFO - Application exited with code: 0
2026-02-14 22:22:27,095 - stoxxo_monitor - INFO - ============================================================
2026-02-14 22:22:27,095 - stoxxo_monitor - INFO - Stoxxo User Quantity Monitoring Tool v1.0.0
2026-02-14 22:22:27,095 - stoxxo_monitor - INFO - ============================================================
2026-02-14 22:22:27,194 - stoxxo_monitor - INFO - Dark theme loaded successfully from: c:\Users\Administrator\Desktop\stoxxo_monitor\ui\styles\dark_theme.qss
2026-02-14 22:22:27,454 - stoxxo_monitor - INFO - Main window displayed
2026-02-14 22:22:27,454 - stoxxo_monitor - INFO - Application started
2026-02-14 22:23:06,077 - stoxxo_monitor - INFO - ============================================================
2026-02-14 22:23:06,077 - stoxxo_monitor - INFO - Stoxxo User Quantity Monitoring Tool v1.0.0
2026-02-14 22:23:06,078 - stoxxo_monitor - INFO - ============================================================
2026-02-14 22:23:06,210 - stoxxo_monitor - INFO - Dark theme loaded successfully from: c:\Users\Administrator\Desktop\stoxxo_monitor\ui\styles\dark_theme.qss
2026-02-14 22:23:06,329 - stoxxo_monitor - ERROR - Failed to create main window: visualIndex(self, logicalIndex: int): argument 1 has unexpected type 'str'
2026-02-14 22:25:03,798 - stoxxo_monitor - INFO - ============================================================
2026-02-14 22:25:03,798 - stoxxo_monitor - INFO - Stoxxo User Quantity Monitoring Tool v1.0.0
2026-02-14 22:25:03,798 - stoxxo_monitor - INFO - ============================================================
2026-02-14 22:25:03,882 - stoxxo_monitor - INFO - Dark theme loaded successfully from: c:\Users\Administrator\Desktop\stoxxo_monitor\ui\styles\dark_theme.qss
2026-02-14 22:25:04,107 - stoxxo_monitor - INFO - Main window displayed
2026-02-14 22:25:04,107 - stoxxo_monitor - INFO - Application started
2026-02-14 22:26:55,143 - stoxxo_monitor - INFO - ============================================================
2026-02-14 22:26:55,143 - stoxxo_monitor - INFO - Stoxxo User Quantity Monitoring Tool v1.0.0
2026-02-14 22:26:55,143 - stoxxo_monitor - INFO - ============================================================
2026-02-14 22:26:55,234 - stoxxo_monitor - INFO - Dark theme loaded successfully from: c:\Users\Administrator\Desktop\stoxxo_monitor\ui\styles\dark_theme.qss
2026-02-14 22:26:55,471 - stoxxo_monitor - INFO - Main window displayed
2026-02-14 22:26:55,472 - stoxxo_monitor - INFO - Application started
2026-02-14 22:29:40,132 - stoxxo_monitor - INFO - ============================================================
2026-02-14 22:29:40,133 - stoxxo_monitor - INFO - Stoxxo User Quantity Monitoring Tool v1.0.0
2026-02-14 22:29:40,133 - stoxxo_monitor - INFO - ============================================================
2026-02-14 22:29:40,231 - stoxxo_monitor - INFO - Dark theme loaded successfully from: c:\Users\Administrator\Desktop\stoxxo_monitor\ui\styles\dark_theme.qss
2026-02-14 22:29:40,585 - stoxxo_monitor - INFO - Main window displayed
2026-02-14 22:29:40,585 - stoxxo_monitor - INFO - Application started
2026-02-14 22:30:19,988 - stoxxo_monitor - INFO - ============================================================
2026-02-14 22:30:19,988 - stoxxo_monitor - INFO - Stoxxo User Quantity Monitoring Tool v1.0.0
2026-02-14 22:30:19,988 - stoxxo_monitor - INFO - ============================================================
2026-02-14 22:30:20,069 - stoxxo_monitor - INFO - Dark theme loaded successfully from: c:\Users\Administrator\Desktop\stoxxo_monitor\ui\styles\dark_theme.qss
2026-02-14 22:30:20,342 - stoxxo_monitor - INFO - Main window displayed
2026-02-14 22:30:20,342 - stoxxo_monitor - INFO - Application started
2026-02-14 22:44:04,785 - stoxxo_monitor - INFO - ============================================================
2026-02-14 22:44:04,785 - stoxxo_monitor - INFO - Stoxxo User Quantity Monitoring Tool v1.0.0
2026-02-14 22:44:04,786 - stoxxo_monitor - INFO - ============================================================
2026-02-14 22:44:04,884 - stoxxo_monitor - INFO - Dark theme loaded successfully from: c:\Users\Administrator\Desktop\stoxxo_monitor\ui\styles\dark_theme.qss
2026-02-14 22:44:05,241 - stoxxo_monitor - INFO - Main window displayed
2026-02-14 22:44:05,241 - stoxxo_monitor - INFO - Application started
2026-02-14 22:44:54,934 - stoxxo_monitor - INFO - ============================================================
2026-02-14 22:44:54,935 - stoxxo_monitor - INFO - Stoxxo User Quantity Monitoring Tool v1.0.0
2026-02-14 22:44:54,935 - stoxxo_monitor - INFO - ============================================================
2026-02-14 22:44:55,001 - stoxxo_monitor - INFO - Dark theme loaded successfully from: c:\Users\Administrator\Desktop\stoxxo_monitor\ui\styles\dark_theme.qss
2026-02-14 22:44:55,237 - stoxxo_monitor - INFO - Main window displayed
2026-02-14 22:44:55,237 - stoxxo_monitor - INFO - Application started
2026-02-14 22:50:59,484 - stoxxo_monitor - INFO - ============================================================
2026-02-14 22:50:59,484 - stoxxo_monitor - INFO - Stoxxo User Quantity Monitoring Tool v1.0.0
2026-02-14 22:50:59,484 - stoxxo_monitor - INFO - ============================================================
2026-02-14 22:50:59,582 - stoxxo_monitor - INFO - Dark theme loaded successfully from: c:\Users\Administrator\Desktop\stoxxo_monitor\ui\styles\dark_theme.qss
2026-02-14 22:50:59,938 - stoxxo_monitor - INFO - Main window displayed
2026-02-14 22:50:59,938 - stoxxo_monitor - INFO - Application started
2026-02-14 22:51:45,966 - stoxxo_monitor - INFO - ============================================================
2026-02-14 22:51:45,967 - stoxxo_monitor - INFO - Stoxxo User Quantity Monitoring Tool v1.0.0
2026-02-14 22:51:45,967 - stoxxo_monitor - INFO - ============================================================
2026-02-14 22:51:46,062 - stoxxo_monitor - INFO - Dark theme loaded successfully from: c:\Users\Administrator\Desktop\stoxxo_monitor\ui\styles\dark_theme.qss
2026-02-14 22:51:46,333 - stoxxo_monitor - INFO - Main window displayed
2026-02-14 22:51:46,334 - stoxxo_monitor - INFO - Application started
2026-02-14 22:54:44,369 - stoxxo_monitor - INFO - ============================================================
2026-02-14 22:54:44,369 - stoxxo_monitor - INFO - Stoxxo User Quantity Monitoring Tool v1.0.0
2026-02-14 22:54:44,370 - stoxxo_monitor - INFO - ============================================================
2026-02-14 22:54:44,465 - stoxxo_monitor - INFO - Dark theme loaded successfully from: c:\Users\Administrator\Desktop\stoxxo_monitor\ui\styles\dark_theme.qss
2026-02-14 22:54:44,733 - stoxxo_monitor - INFO - Main window displayed
2026-02-14 22:54:44,734 - stoxxo_monitor - INFO - Application started
2026-02-14 22:57:02,733 - stoxxo_monitor - INFO - ============================================================
2026-02-14 22:57:02,733 - stoxxo_monitor - INFO - Stoxxo User Quantity Monitoring Tool v1.0.0
2026-02-14 22:57:02,733 - stoxxo_monitor - INFO - ============================================================
2026-02-14 22:57:02,805 - stoxxo_monitor - INFO - Dark theme loaded successfully from: c:\Users\Administrator\Desktop\stoxxo_monitor\ui\styles\dark_theme.qss
2026-02-14 22:57:03,068 - stoxxo_monitor - INFO - Main window displayed
2026-02-14 22:57:03,068 - stoxxo_monitor - INFO - Application started
2026-02-14 22:57:17,753 - stoxxo_monitor - INFO - ============================================================
2026-02-14 22:57:17,753 - stoxxo_monitor - INFO - Stoxxo User Quantity Monitoring Tool v1.0.0
2026-02-14 22:57:17,754 - stoxxo_monitor - INFO - ============================================================
2026-02-14 22:57:17,813 - stoxxo_monitor - INFO - Dark theme loaded successfully from: c:\Users\Administrator\Desktop\stoxxo_monitor\ui\styles\dark_theme.qss
2026-02-14 22:57:18,001 - stoxxo_monitor - INFO - Main window displayed
2026-02-14 22:57:18,002 - stoxxo_monitor - INFO - Application started
2026-02-14 22:57:47,096 - stoxxo_monitor - INFO - ============================================================
2026-02-14 22:57:47,096 - stoxxo_monitor - INFO - Stoxxo User Quantity Monitoring Tool v1.0.0
2026-02-14 22:57:47,096 - stoxxo_monitor - INFO - ============================================================
2026-02-14 22:57:47,179 - stoxxo_monitor - INFO - Dark theme loaded successfully from: c:\Users\Administrator\Desktop\stoxxo_monitor\ui\styles\dark_theme.qss
2026-02-14 22:57:47,467 - stoxxo_monitor - INFO - Main window displayed
2026-02-14 22:57:47,467 - stoxxo_monitor - INFO - Application started
2026-02-14 22:58:08,577 - stoxxo_monitor - INFO - ============================================================
2026-02-14 22:58:08,577 - stoxxo_monitor - INFO - Stoxxo User Quantity Monitoring Tool v1.0.0
2026-02-14 22:58:08,577 - stoxxo_monitor - INFO - ============================================================
2026-02-14 22:58:08,682 - stoxxo_monitor - INFO - Dark theme loaded successfully from: c:\Users\Administrator\Desktop\stoxxo_monitor\ui\styles\dark_theme.qss
2026-02-14 22:58:08,899 - stoxxo_monitor - INFO - Main window displayed
2026-02-14 22:58:08,899 - stoxxo_monitor - INFO - Application started
2026-02-14 23:01:45,509 - stoxxo_monitor - INFO - ============================================================
2026-02-14 23:01:45,509 - stoxxo_monitor - INFO - Stoxxo User Quantity Monitoring Tool v1.0.0
2026-02-14 23:01:45,509 - stoxxo_monitor - INFO - ============================================================
2026-02-14 23:01:45,575 - stoxxo_monitor - INFO - Dark theme loaded successfully from: c:\Users\Administrator\Desktop\stoxxo_monitor\ui\styles\dark_theme.qss
2026-02-14 23:01:45,817 - stoxxo_monitor - INFO - Main window displayed
2026-02-14 23:01:45,817 - stoxxo_monitor - INFO - Application started
2026-02-14 23:03:25,865 - stoxxo_monitor - INFO - ============================================================
2026-02-14 23:03:25,883 - stoxxo_monitor - INFO - Stoxxo User Quantity Monitoring Tool v1.0.0
2026-02-14 23:03:25,886 - stoxxo_monitor - INFO - ============================================================
2026-02-14 23:03:26,005 - stoxxo_monitor - INFO - Dark theme loaded successfully from: c:\Users\Administrator\Desktop\stoxxo_monitor\ui\styles\dark_theme.qss
2026-02-14 23:03:26,291 - stoxxo_monitor - INFO - Main window displayed
2026-02-14 23:03:26,291 - stoxxo_monitor - INFO - Application started
2026-02-14 23:11:14,146 - stoxxo_monitor - INFO - ============================================================
2026-02-14 23:11:14,146 - stoxxo_monitor - INFO - Stoxxo User Quantity Monitoring Tool v1.0.0
2026-02-14 23:11:14,147 - stoxxo_monitor - INFO - ============================================================
2026-02-14 23:11:14,235 - stoxxo_monitor - INFO - Dark theme loaded successfully from: c:\Users\Administrator\Desktop\stoxxo_monitor\ui\styles\dark_theme.qss
2026-02-14 23:11:14,572 - stoxxo_monitor - INFO - Main window displayed
2026-02-14 23:11:14,572 - stoxxo_monitor - INFO - Application started
2026-02-14 23:15:24,902 - stoxxo_monitor - INFO - ============================================================
2026-02-14 23:15:24,902 - stoxxo_monitor - INFO - Stoxxo User Quantity Monitoring Tool v1.0.0
2026-02-14 23:15:24,914 - stoxxo_monitor - INFO - ============================================================
2026-02-14 23:15:25,008 - stoxxo_monitor - INFO - Dark theme loaded successfully from: c:\Users\Administrator\Desktop\stoxxo_monitor\ui\styles\dark_theme.qss
2026-02-14 23:15:25,234 - stoxxo_monitor - INFO - Main window displayed
2026-02-14 23:15:25,235 - stoxxo_monitor - INFO - Application started
2026-02-14 23:15:39,538 - stoxxo_monitor - INFO - ============================================================
2026-02-14 23:15:39,545 - stoxxo_monitor - INFO - Stoxxo User Quantity Monitoring Tool v1.0.0
2026-02-14 23:15:39,546 - stoxxo_monitor - INFO - ============================================================
2026-02-14 23:15:39,625 - stoxxo_monitor - INFO - Dark theme loaded successfully from: c:\Users\Administrator\Desktop\stoxxo_monitor\ui\styles\dark_theme.qss
2026-02-14 23:15:39,994 - stoxxo_monitor - INFO - Main window displayed
2026-02-14 23:15:39,994 - stoxxo_monitor - INFO - Application started
2026-02-14 23:15:46,726 - stoxxo_monitor - INFO - ============================================================
2026-02-14 23:15:46,727 - stoxxo_monitor - INFO - Stoxxo User Quantity Monitoring Tool v1.0.0
2026-02-14 23:15:46,727 - stoxxo_monitor - INFO - ============================================================
2026-02-14 23:15:46,802 - stoxxo_monitor - INFO - Dark theme loaded successfully from: c:\Users\Administrator\Desktop\stoxxo_monitor\ui\styles\dark_theme.qss
2026-02-14 23:15:47,049 - stoxxo_monitor - INFO - Main window displayed
2026-02-14 23:15:47,050 - stoxxo_monitor - INFO - Application started
2026-02-14 23:22:40,496 - stoxxo_monitor - INFO - ============================================================
2026-02-14 23:22:40,497 - stoxxo_monitor - INFO - Stoxxo User Quantity Monitoring Tool v1.0.0
2026-02-14 23:22:40,497 - stoxxo_monitor - INFO - ============================================================
2026-02-14 23:22:40,560 - stoxxo_monitor - INFO - Dark theme loaded successfully from: c:\Users\Administrator\Desktop\stoxxo_monitor\ui\styles\dark_theme.qss
2026-02-14 23:22:40,926 - stoxxo_monitor - INFO - Main window displayed
2026-02-14 23:22:40,927 - stoxxo_monitor - INFO - Application started
2026-02-14 23:27:00,031 - stoxxo_monitor - INFO - Application exited with code: 0
2026-02-14 23:27:33,611 - stoxxo_monitor - INFO - ============================================================
2026-02-14 23:27:33,611 - stoxxo_monitor - INFO - Stoxxo User Quantity Monitoring Tool v1.0.0
2026-02-14 23:27:33,611 - stoxxo_monitor - INFO - ============================================================
2026-02-14 23:27:33,676 - stoxxo_monitor - INFO - Dark theme loaded successfully from: c:\Users\Administrator\Desktop\stoxxo_monitor\ui\styles\dark_theme.qss
2026-02-14 23:27:34,080 - stoxxo_monitor - INFO - Main window displayed
2026-02-14 23:27:34,080 - stoxxo_monitor - INFO - Application started
2026-02-14 23:59:37,828 - stoxxo_monitor - INFO - Application exited with code: 0
